This is pdfTeX, Version 3.14159265-2.6-1.40.18 (TeX Live 2017/Arch Linux) (preloaded format=pdflatex 2018.1.5)  5 FEB 2018 21:34
entering extended mode
 restricted \write18 enabled.
 %&-line parsing enabled.
**/home/user/.emacs.d/org_init.org
(/home/user/.emacs.d/org_init.org
LaTeX2e <2017-04-15>
Babel <3.15> and hyphenation patterns for 84 language(s) loaded.
! You can't use `macro parameter character #' in vertical mode.
l.1 #
     +STARTUP: overview
? 
! Emergency stop.
l.1 #
     +STARTUP: overview
End of file on the terminal!

 
Here is how much of TeX's memory you used:
 7 strings out of 492985
 204 string characters out of 6138639
 54187 words of memory out of 5000000
 3668 multiletter control sequences out of 15000+600000
 3640 words of font info for 14 fonts, out of 8000000 for 9000
 1141 hyphenation exceptions out of 8191
 5i,0n,1p,54b,8s stack positions out of 5000i,500n,10000p,200000b,80000s
!  ==> Fatal error occurred, no output PDF file produced!
